<?xml version="1.0" encoding="UTF-8"?>
<testsuite xmlns:xsi="http://www.w3.org/2001/XMLSchema-instance" xsi:noNamespaceSchemaLocation="https://maven.apache.org/surefire/maven-surefire-plugin/xsd/surefire-test-report-3.0.xsd" version="3.0" name="BankAccountTest" time="0.698" tests="14" errors="0" skipped="0" failures="0">
  <properties>
[...]
</properties>
  <testcase name="testDeposit" classname="BankAccountTest" time="0.004">
    <system-out><![CDATA[Initializing bank account tests
]]></system-out>
    <system-err><![CDATA[SLF4J: Failed to load class "org.slf4j.impl.StaticLoggerBinder".
SLF4J: Defaulting to no-operation (NOP) logger implementation
SLF4J: See http://www.slf4j.org/codes.html#StaticLoggerBinder for further details.
]]></system-err>
  </testcase>
  <testcase name="testDepositWithParameters[100.0, 1100.0](1)" classname="BankAccountTest" time="0.0">
    <system-out><![CDATA[Test completed with final balance: 1500.0
]]></system-out>
  </testcase>
  <testcase name="testDepositWithParameters[500.0, 1500.0](2)" classname="BankAccountTest" time="0.0">
    <system-out><![CDATA[Test completed with final balance: 1100.0
]]></system-out>
  </testcase>
  <testcase name="testDepositWithParameters[1000.0, 2000.0](3)" classname="BankAccountTest" time="0.0">
    <system-out><![CDATA[Test completed with final balance: 1500.0
]]></system-out>
  </testcase>
  <testcase name="testInsufficientFunds" classname="BankAccountTest" time="0.0">
    <system-out><![CDATA[Test completed with final balance: 2000.0
]]></system-out>
  </testcase>
  <testcase name="testInsufficientFundsTransfer" classname="BankAccountTest" time="0.0">
    <system-out><![CDATA[Test completed with final balance: 1000.0
]]></system-out>
  </testcase>
  <testcase name="testNegativeDeposit" classname="BankAccountTest" time="0.0">
    <system-out><![CDATA[Test completed with final balance: 1000.0
]]></system-out>
  </testcase>
  <testcase name="testNegativeTransfer" classname="BankAccountTest" time="0.0">
    <system-out><![CDATA[Test completed with final balance: 1000.0
]]></system-out>
  </testcase>
  <testcase name="testNegativeWithdraw" classname="BankAccountTest" time="0.0">
    <system-out><![CDATA[Test completed with final balance: 1000.0
]]></system-out>
  </testcase>
  <testcase name="testWithdraw" classname="BankAccountTest" time="0.0">
    <system-out><![CDATA[Test completed with final balance: 1000.0
]]></system-out>
  </testcase>
  <testcase name="testWithdrawWithParameters[200.0](1)" classname="BankAccountTest" time="0.0">
    <system-out><![CDATA[Test completed with final balance: 700.0
]]></system-out>
  </testcase>
  <testcase name="testInitialBalance" classname="BankAccountTest" time="0.0">
    <system-out><![CDATA[Test completed with final balance: 800.0
]]></system-out>
  </testcase>
  <testcase name="testTransfer" classname="BankAccountTest" time="0.002">
    <system-out><![CDATA[Test completed with final balance: 1000.0
]]></system-out>
  </testcase>
  <testcase name="testMultipleOperations" classname="BankAccountTest" time="0.0">
    <system-out><![CDATA[Test completed with final balance: 1000.0
]]></system-out>
  </testcase>
</testsuite>