<?xml version="1.0" encoding="UTF-8"?>
<!-- Generated by org.testng.reporters.JUnitReportReporter -->
<testsuite hostname="MSI" failures="0" tests="14" name="BankAccountTest" time="0.040" errors="0" timestamp="2025-04-30T16:24:08 CST" skipped="0">
  <testcase classname="BankAccountTest" name="testDepositWithParameters" time="0.008"/>
  <testcase classname="BankAccountTest" name="testDepositWithParameters" time="0.002"/>
  <testcase classname="BankAccountTest" name="testInitialBalance" time="0.004"/>
  <testcase classname="BankAccountTest" name="testDepositWithParameters" time="0.002"/>
  <testcase classname="BankAccountTest" name="testInsufficientFunds" time="0.004"/>
  <testcase classname="BankAccountTest" name="testWithdraw" time="0.000"/>
  <testcase classname="BankAccountTest" name="testWithdrawWithParameters" time="0.000"/>
  <testcase classname="BankAccountTest" name="testNegativeDeposit" time="0.000"/>
  <testcase classname="BankAccountTest" name="testMultipleOperations" time="0.012"/>
  <testcase classname="BankAccountTest" name="testNegativeTransfer" time="0.000"/>
  <testcase classname="BankAccountTest" name="testDeposit" time="0.008"/>
  <testcase classname="BankAccountTest" name="testTransfer" time="0.000"/>
  <testcase classname="BankAccountTest" name="testNegativeWithdraw" time="0.000"/>
  <testcase classname="BankAccountTest" name="testInsufficientFundsTransfer" time="0.000"/>
</testsuite> <!-- BankAccountTest -->
