<?xml version="1.0" encoding="UTF-8"?>
<!-- Generated by org.testng.reporters.JUnitXMLReporter -->
<testsuite ignored="0" hostname="MSI" failures="0" tests="14" name="Surefire test" time="0.125" errors="0" timestamp="2025-04-30T16:24:08 CST">
  <testcase classname="BankAccountTest" name="testDeposit" time="0.006"/>
  <testcase classname="BankAccountTest" name="testDepositWithParameters" time="0.0"/>
  <testcase classname="BankAccountTest" name="testDepositWithParameters" time="0.0"/>
  <testcase classname="BankAccountTest" name="testDepositWithParameters" time="0.0"/>
  <testcase classname="BankAccountTest" name="testInsufficientFunds" time="0.002"/>
  <testcase classname="BankAccountTest" name="testInsufficientFundsTransfer" time="0.0"/>
  <testcase classname="BankAccountTest" name="testNegativeDeposit" time="0.0"/>
  <testcase classname="BankAccountTest" name="testNegativeTransfer" time="0.0"/>
  <testcase classname="BankAccountTest" name="testNegativeWithdraw" time="0.0"/>
  <testcase classname="BankAccountTest" name="testWithdraw" time="0.0"/>
  <testcase classname="BankAccountTest" name="testWithdrawWithParameters" time="0.0"/>
  <testcase classname="BankAccountTest" name="testInitialBalance" time="0.004"/>
  <testcase classname="BankAccountTest" name="testTransfer" time="0.0"/>
  <testcase classname="BankAccountTest" name="testMultipleOperations" time="0.007"/>
</testsuite> <!-- Surefire test -->
